0 info it worked if it ends with ok
1 verbose cli [ 'node', '/usr/local/bin/npm', 'publish' ]
2 info using npm@1.3.11
3 info using node@v0.10.21
4 verbose publish [ '.' ]
5 verbose cache add [ '.', null ]
6 verbose cache add name=undefined spec="." args=[".",null]
7 verbose parsed url { protocol: null,
7 verbose parsed url   slashes: null,
7 verbose parsed url   auth: null,
7 verbose parsed url   host: null,
7 verbose parsed url   port: null,
7 verbose parsed url   hostname: null,
7 verbose parsed url   hash: null,
7 verbose parsed url   search: null,
7 verbose parsed url   query: null,
7 verbose parsed url   pathname: '.',
7 verbose parsed url   path: '.',
7 verbose parsed url   href: '.' }
8 silly lockFile 3a52ce78- .
9 verbose lock . /Users/DavidDias/.npm/3a52ce78-.lock
10 verbose tar pack [ '/var/folders/sv/w11mg7590sl6qzfnsl10w0ch0000gn/T/npm-10358-g8_1Hkug/1383775471789-0.8688160737510771/tmp.tgz',
10 verbose tar pack   '.' ]
11 verbose tarball /var/folders/sv/w11mg7590sl6qzfnsl10w0ch0000gn/T/npm-10358-g8_1Hkug/1383775471789-0.8688160737510771/tmp.tgz
12 verbose folder .
13 silly lockFile 1f1177db-tar tar://.
14 verbose lock tar://. /Users/DavidDias/.npm/1f1177db-tar.lock
15 silly lockFile 8318855c-71789-0-8688160737510771-tmp-tgz tar:///var/folders/sv/w11mg7590sl6qzfnsl10w0ch0000gn/T/npm-10358-g8_1Hkug/1383775471789-0.8688160737510771/tmp.tgz
16 verbose lock tar:///var/folders/sv/w11mg7590sl6qzfnsl10w0ch0000gn/T/npm-10358-g8_1Hkug/1383775471789-0.8688160737510771/tmp.tgz /Users/DavidDias/.npm/8318855c-71789-0-8688160737510771-tmp-tgz.lock
17 silly lockFile 1f1177db-tar tar://.
18 silly lockFile 1f1177db-tar tar://.
19 silly lockFile 8318855c-71789-0-8688160737510771-tmp-tgz tar:///var/folders/sv/w11mg7590sl6qzfnsl10w0ch0000gn/T/npm-10358-g8_1Hkug/1383775471789-0.8688160737510771/tmp.tgz
20 silly lockFile 8318855c-71789-0-8688160737510771-tmp-tgz tar:///var/folders/sv/w11mg7590sl6qzfnsl10w0ch0000gn/T/npm-10358-g8_1Hkug/1383775471789-0.8688160737510771/tmp.tgz
21 verbose tar unpack /var/folders/sv/w11mg7590sl6qzfnsl10w0ch0000gn/T/npm-10358-g8_1Hkug/1383775471789-0.8688160737510771/tmp.tgz
22 silly lockFile 2f78a4c8-71789-0-8688160737510771-package tar:///var/folders/sv/w11mg7590sl6qzfnsl10w0ch0000gn/T/npm-10358-g8_1Hkug/1383775471789-0.8688160737510771/package
23 verbose lock tar:///var/folders/sv/w11mg7590sl6qzfnsl10w0ch0000gn/T/npm-10358-g8_1Hkug/1383775471789-0.8688160737510771/package /Users/DavidDias/.npm/2f78a4c8-71789-0-8688160737510771-package.lock
24 silly lockFile 8318855c-71789-0-8688160737510771-tmp-tgz tar:///var/folders/sv/w11mg7590sl6qzfnsl10w0ch0000gn/T/npm-10358-g8_1Hkug/1383775471789-0.8688160737510771/tmp.tgz
25 verbose lock tar:///var/folders/sv/w11mg7590sl6qzfnsl10w0ch0000gn/T/npm-10358-g8_1Hkug/1383775471789-0.8688160737510771/tmp.tgz /Users/DavidDias/.npm/8318855c-71789-0-8688160737510771-tmp-tgz.lock
26 silly gunzTarPerm modes [ '755', '644' ]
27 silly gunzTarPerm extractEntry package.json
28 silly gunzTarPerm extractEntry README.md
29 silly gunzTarPerm extractEntry nko.js
30 silly lockFile 2f78a4c8-71789-0-8688160737510771-package tar:///var/folders/sv/w11mg7590sl6qzfnsl10w0ch0000gn/T/npm-10358-g8_1Hkug/1383775471789-0.8688160737510771/package
31 silly lockFile 2f78a4c8-71789-0-8688160737510771-package tar:///var/folders/sv/w11mg7590sl6qzfnsl10w0ch0000gn/T/npm-10358-g8_1Hkug/1383775471789-0.8688160737510771/package
32 silly lockFile 8318855c-71789-0-8688160737510771-tmp-tgz tar:///var/folders/sv/w11mg7590sl6qzfnsl10w0ch0000gn/T/npm-10358-g8_1Hkug/1383775471789-0.8688160737510771/tmp.tgz
33 silly lockFile 8318855c-71789-0-8688160737510771-tmp-tgz tar:///var/folders/sv/w11mg7590sl6qzfnsl10w0ch0000gn/T/npm-10358-g8_1Hkug/1383775471789-0.8688160737510771/tmp.tgz
34 verbose tar pack [ '/Users/DavidDias/.npm/nko/0.3.0/package.tgz',
34 verbose tar pack   '/var/folders/sv/w11mg7590sl6qzfnsl10w0ch0000gn/T/npm-10358-g8_1Hkug/1383775471789-0.8688160737510771/package' ]
35 verbose tarball /Users/DavidDias/.npm/nko/0.3.0/package.tgz
36 verbose folder /var/folders/sv/w11mg7590sl6qzfnsl10w0ch0000gn/T/npm-10358-g8_1Hkug/1383775471789-0.8688160737510771/package
37 silly lockFile 2f78a4c8-71789-0-8688160737510771-package tar:///var/folders/sv/w11mg7590sl6qzfnsl10w0ch0000gn/T/npm-10358-g8_1Hkug/1383775471789-0.8688160737510771/package
38 verbose lock tar:///var/folders/sv/w11mg7590sl6qzfnsl10w0ch0000gn/T/npm-10358-g8_1Hkug/1383775471789-0.8688160737510771/package /Users/DavidDias/.npm/2f78a4c8-71789-0-8688160737510771-package.lock
39 silly lockFile f76dde85-idDias-npm-nko-0-3-0-package-tgz tar:///Users/DavidDias/.npm/nko/0.3.0/package.tgz
40 verbose lock tar:///Users/DavidDias/.npm/nko/0.3.0/package.tgz /Users/DavidDias/.npm/f76dde85-idDias-npm-nko-0-3-0-package-tgz.lock
41 silly lockFile 2f78a4c8-71789-0-8688160737510771-package tar:///var/folders/sv/w11mg7590sl6qzfnsl10w0ch0000gn/T/npm-10358-g8_1Hkug/1383775471789-0.8688160737510771/package
42 silly lockFile 2f78a4c8-71789-0-8688160737510771-package tar:///var/folders/sv/w11mg7590sl6qzfnsl10w0ch0000gn/T/npm-10358-g8_1Hkug/1383775471789-0.8688160737510771/package
43 silly lockFile f76dde85-idDias-npm-nko-0-3-0-package-tgz tar:///Users/DavidDias/.npm/nko/0.3.0/package.tgz
44 silly lockFile f76dde85-idDias-npm-nko-0-3-0-package-tgz tar:///Users/DavidDias/.npm/nko/0.3.0/package.tgz
45 silly lockFile 0360adbe--DavidDias-npm-nko-0-3-0-package /Users/DavidDias/.npm/nko/0.3.0/package
46 verbose lock /Users/DavidDias/.npm/nko/0.3.0/package /Users/DavidDias/.npm/0360adbe--DavidDias-npm-nko-0-3-0-package.lock
47 silly lockFile 0360adbe--DavidDias-npm-nko-0-3-0-package /Users/DavidDias/.npm/nko/0.3.0/package
48 silly lockFile 0360adbe--DavidDias-npm-nko-0-3-0-package /Users/DavidDias/.npm/nko/0.3.0/package
49 verbose tar unpack /Users/DavidDias/.npm/nko/0.3.0/package.tgz
50 silly lockFile 218cb552--DavidDias-npm-nko-0-3-0-package tar:///Users/DavidDias/.npm/nko/0.3.0/package
51 verbose lock tar:///Users/DavidDias/.npm/nko/0.3.0/package /Users/DavidDias/.npm/218cb552--DavidDias-npm-nko-0-3-0-package.lock
52 silly lockFile f76dde85-idDias-npm-nko-0-3-0-package-tgz tar:///Users/DavidDias/.npm/nko/0.3.0/package.tgz
53 verbose lock tar:///Users/DavidDias/.npm/nko/0.3.0/package.tgz /Users/DavidDias/.npm/f76dde85-idDias-npm-nko-0-3-0-package-tgz.lock
54 silly gunzTarPerm modes [ '755', '644' ]
55 silly gunzTarPerm extractEntry package.json
56 silly gunzTarPerm extractEntry README.md
57 silly gunzTarPerm extractEntry nko.js
58 silly lockFile 218cb552--DavidDias-npm-nko-0-3-0-package tar:///Users/DavidDias/.npm/nko/0.3.0/package
59 silly lockFile 218cb552--DavidDias-npm-nko-0-3-0-package tar:///Users/DavidDias/.npm/nko/0.3.0/package
60 silly lockFile f76dde85-idDias-npm-nko-0-3-0-package-tgz tar:///Users/DavidDias/.npm/nko/0.3.0/package.tgz
61 silly lockFile f76dde85-idDias-npm-nko-0-3-0-package-tgz tar:///Users/DavidDias/.npm/nko/0.3.0/package.tgz
62 verbose chmod /Users/DavidDias/.npm/nko/0.3.0/package.tgz 644
63 verbose chown /Users/DavidDias/.npm/nko/0.3.0/package.tgz [ 501, 20 ]
64 silly lockFile 3a52ce78- .
65 silly lockFile 3a52ce78- .
66 silly publish { name: 'nko',
66 silly publish   maintainers:
66 silly publish    [ { name: 'visnup', email: 'visnupx@gmail.com' },
66 silly publish      { name: 'David Dias', email: 'daviddias.p@gmail.com' },
66 silly publish      { name: 'Gerad Suyderhoud', email: 'gerads@gmail.com' } ],
66 silly publish   author: { name: 'Danny Coates', email: 'dannycoates@gmail.com' },
66 silly publish   description: 'node.js knockout deploy check-in',
66 silly publish   version: '0.3.0',
66 silly publish   homepage: 'https://github.com/nko4/website/tree/master/module#readme',
66 silly publish   repository: { type: 'git', url: 'git://github.com/nko4/website.git' },
66 silly publish   keywords: [ 'node.js knockout', 'knockout', 'nko' ],
66 silly publish   bugs:
66 silly publish    { url: 'https://github.com/nko4/website/issues',
66 silly publish      email: 'all@nodeknockout.com' },
66 silly publish   contributors:
66 silly publish    [ { name: 'Danny Coates', email: 'dannycoates@gmail.com' },
66 silly publish      { name: 'Visnu Pitiyanuvath',
66 silly publish        email: 'visnupx@gmail.com',
66 silly publish        url: 'http://visnup.com/' } ],
66 silly publish   main: 'nko',
66 silly publish   engines: { node: '>=0.10' },
66 silly publish   dependencies: {},
66 silly publish   devDependencies: {},
66 silly publish   files: [ 'README.md', 'nko.js', 'package.json' ],
66 silly publish   readme: 'node.js knockout deploy check-ins\n---------------------------------\n\nSo, we need to keep track of your deploys for lots of different reasons.\nBecause we want to be as platform-agnostic as possible, we now have this fancy\nmodule that will ping the competition website whenever you deploy.\n\nInstallation\n============\n\nAdd `nko` to the dependencies section of your package.json:\n\n    "dependencies": {\n      "nko": "*",\n      "other-awesome-stuff": "2.1.4"\n    }\n\nAfter that, `npm install`.\n\nUsage\n=====\n\nJust require it somewhere in your normal execution path. We recommend at the\ntop of your `server.js`:\n\n    require(\'nko\')(secret);\n\nThe `secret` parameter is available on [your team page] (make sure you\'re\nsigned in to see it). It\'s tied to just your team, so don\'t share it with\nothers unless you want them hijacking your deploys.\n\nIf for whatever reason, you want to know when we\'ve recorded the deploy, you\ncan pass an optional callback as the second parameter:\n\n    require(\'nko\')(\'<your-team-secret>\', function(err, res) {\n      if (err) throw err;\n      res.on(\'data\', function(d) { console.log(d.toString()); });\n    });\n\n__Important: Not seeing your deploy count rise? Here\'s what to check:__\n\n* The module will only ping us if the `NODE_ENV` environment\n  variable is set to `production`.\n* We wait until your server has been __running for 5 seconds__ before sending\n  the deploy ping, so your server crashes before that, your deploy will not\n  get recorded.\n* We ensure that your server responds to a HTTP GET request on port 80 before\n  recording the deploy.\n* We ensure that the remote IP address from the ping matches the Joyent\n  instance we setup for your team. (So starting up your development machine\n  with `NODE_ENV=production` will not affect your deploy count.)\n\nProblems?\n=========\n\nAs always, you can contact us at [all@nodeknockout.com] or [@node_knockout].\nYou can also try checking the [issue tracker].\n\n[your team page]: http://nodeknockout.com/teams/mine\n[all@nodeknockout.com]: mailto:all@nodeknockout.com\n[@node_knockout]: http://twitter.com/node_knockout\n[issue tracker]: https://github.com/nko2/website/issues\n',
66 silly publish   readmeFilename: 'README.md',
66 silly publish   _id: 'nko@0.3.0',
66 silly publish   dist: { shasum: '92fe61cb6981de7d46b1d811ef9d52ab6039c2b2' },
66 silly publish   _from: '.' }
67 verbose url raw nko
68 verbose url resolving [ 'https://registry.npmjs.org/', './nko' ]
69 verbose url resolved https://registry.npmjs.org/nko
70 info trying registry request attempt 1 at 22:04:32
71 http PUT https://registry.npmjs.org/nko
72 http 409 https://registry.npmjs.org/nko
73 verbose url raw nko
74 verbose url resolving [ 'https://registry.npmjs.org/', './nko' ]
75 verbose url resolved https://registry.npmjs.org/nko
76 info trying registry request attempt 1 at 22:04:33
77 http GET https://registry.npmjs.org/nko
78 http 200 https://registry.npmjs.org/nko
79 error publish fail Cannot publish over existing version.
79 error publish fail Update the 'version' field in package.json and try again.
79 error publish fail
79 error publish fail If the previous version was published in error, see:
79 error publish fail     npm help unpublish
79 error publish fail
79 error publish fail To automatically increment version numbers, see:
79 error publish fail     npm help version
80 error System Darwin 13.0.0
81 error command "node" "/usr/local/bin/npm" "publish"
82 error cwd /Users/DavidDias/Dropbox/Code/thenodefirm/nko4/module
83 error node -v v0.10.21
84 error npm -v 1.3.11
85 error code EPUBLISHCONFLICT
86 verbose exit [ 1, true ]
